\BOOKMARK [1][-]{section.1}{The Isabelle architecture and tactics}{}% 1
\BOOKMARK [2][-]{subsection.1.1}{Programming in ML}{section.1}% 2
\BOOKMARK [3][-]{subsubsection.1.1.1}{Datatype declarations}{subsection.1.1}% 3
\BOOKMARK [2][-]{subsection.1.2}{Isabelle/Isar}{section.1}% 4
\BOOKMARK [3][-]{subsubsection.1.2.1}{Outer\137Syntax and Toplevel}{subsection.1.2}% 5
\BOOKMARK [3][-]{subsubsection.1.2.2}{Isar/VM}{subsection.1.2}% 6
\BOOKMARK [2][-]{subsection.1.3}{Isabelle/HOL}{section.1}% 7
\BOOKMARK [2][-]{subsection.1.4}{Isabelle/ML}{section.1}% 8
\BOOKMARK [2][-]{subsection.1.5}{Learning materials, configurations...}{section.1}% 9
\BOOKMARK [3][-]{subsubsection.1.5.1}{Setting up a debugger for ML code}{subsection.1.5}% 10
\BOOKMARK [3][-]{subsubsection.1.5.2}{Exploring finished theories}{subsection.1.5}% 11
\BOOKMARK [3][-]{subsubsection.1.5.3}{Exploring ML files}{subsection.1.5}% 12
\BOOKMARK [3][-]{subsubsection.1.5.4}{Some examples}{subsection.1.5}% 13
\BOOKMARK [1][-]{section.2}{Coinduction}{}% 14
\BOOKMARK [2][-]{subsection.2.1}{What is coinduction?}{section.2}% 15
\BOOKMARK [3][-]{subsubsection.2.1.1}{\(Co\)algebras}{subsection.2.1}% 16
\BOOKMARK [3][-]{subsubsection.2.1.2}{Relations between \(co\)algebras}{subsection.2.1}% 17
\BOOKMARK [3][-]{subsubsection.2.1.3}{Categories of \(co\)algebras}{subsection.2.1}% 18
\BOOKMARK [3][-]{subsubsection.2.1.4}{Initial algebras and terminal coalgebras}{subsection.2.1}% 19
\BOOKMARK [3][-]{subsubsection.2.1.5}{F-congruences and F-bisimulations}{subsection.2.1}% 20
\BOOKMARK [3][-]{subsubsection.2.1.6}{\(Co\)inductive principles}{subsection.2.1}% 21
\BOOKMARK [2][-]{subsection.2.2}{Functional programming and \(co\)algebras}{section.2}% 22
\BOOKMARK [2][-]{subsection.2.3}{Building initial and final algebras}{section.2}% 23
\BOOKMARK [3][-]{subsubsection.2.3.1}{Adamek's and Barr's theorems}{subsection.2.3}% 24
\BOOKMARK [3][-]{subsubsection.2.3.2}{Bounded endofunctor theorem}{subsection.2.3}% 25
\BOOKMARK [1][-]{section.3}{Coinduction in Isabelle}{}% 26
\BOOKMARK [2][-]{subsection.3.1}{Functorial structure}{section.3}% 27
\BOOKMARK [2][-]{subsection.3.2}{How to derive the functorial structure?}{section.3}% 28
\BOOKMARK [2][-]{subsection.3.3}{How to derive the \(co\)inductive principles?}{section.3}% 29
\BOOKMARK [3][-]{subsubsection.3.3.1}{Encoding F-algebras}{subsection.3.3}% 30
\BOOKMARK [3][-]{subsubsection.3.3.2}{Derived theorems and definitional framework for datatypes}{subsection.3.3}% 31
\BOOKMARK [3][-]{subsubsection.3.3.3}{Encoding F-coalgebras}{subsection.3.3}% 32
\BOOKMARK [3][-]{subsubsection.3.3.4}{Derived theorems and definitional framework for codatatypes}{subsection.3.3}% 33
\BOOKMARK [2][-]{subsection.3.4}{How could Stainless produce such \(co\)inductive principles?}{section.3}% 34
\BOOKMARK [2][-]{subsection.3.5}{Basic natural functors}{section.3}% 35
\BOOKMARK [1][-]{section.4}{Applications}{}% 36
